<?xml version="1.0" encoding="UTF-8"?>
<!-- Generated by org.testng.reporters.JUnitReportReporter -->
<testsuite hostname="Ahammed" name="radioButtonDemo.TC006_radioButtonDemo" tests="1" failures="0" timestamp="25 Nov 2017 02:07:34 GMT" time="9.641" errors="0">
  <testcase name="radioButtonDemo" time="9.641" classname="radioButtonDemo.TC006_radioButtonDemo"/>
</testsuite> <!-- radioButtonDemo.TC006_radioButtonDemo -->
