<?xml version="1.0" encoding="UTF-8"?>
<!-- Generated by org.testng.reporters.JUnitReportReporter -->
<testsuite hostname="Ahammed" name="radioButtonDemo.TC005_radioButtonDemo" tests="1" failures="0" timestamp="23 Nov 2017 18:26:42 GMT" time="9.015" errors="0">
  <testcase name="radioButtonDemo" time="9.015" classname="radioButtonDemo.TC005_radioButtonDemo"/>
</testsuite> <!-- radioButtonDemo.TC005_radioButtonDemo -->
