<?xml version="1.0" encoding="UTF-8"?>
<!-- Generated by org.testng.reporters.JUnitReportReporter -->
<testsuite hostname="Ahammed" name="checkBoxDemo.TC003_checkBoxDemo_single" tests="1" failures="0" timestamp="23 Nov 2017 05:27:31 GMT" time="10.312" errors="0">
  <testcase name="checkBoxDemo_singles" time="10.312" classname="checkBoxDemo.TC003_checkBoxDemo_single"/>
</testsuite> <!-- checkBoxDemo.TC003_checkBoxDemo_single -->
