<?xml version="1.0" encoding="UTF-8"?>
<!-- Generated by org.testng.reporters.JUnitReportReporter -->
<testsuite hostname="Ahammed" name="selectDropDownList.TC007_selectDropDownListFirstManu" tests="1" failures="0" timestamp="25 Nov 2017 04:02:51 GMT" time="9.932" errors="0">
  <testcase name="selectDropDownListFirstManu" time="9.932" classname="selectDropDownList.TC007_selectDropDownListFirstManu"/>
</testsuite> <!-- selectDropDownList.TC007_selectDropDownListFirstManu -->
