<?xml version="1.0" encoding="UTF-8"?>
<!-- Generated by org.testng.reporters.JUnitReportReporter -->
<testsuite hostname="Ahammed" name="simpleFormDemo.TC002_simpleFormDemo_DoubleInput" tests="1" failures="0" timestamp="23 Nov 2017 04:38:26 GMT" time="9.940" errors="0">
  <testcase name="methodName" time="9.940" classname="simpleFormDemo.TC002_simpleFormDemo_DoubleInput"/>
</testsuite> <!-- simpleFormDemo.TC002_simpleFormDemo_DoubleInput -->
